2022-06-01T14:31:15+09:00 info: GC_IF_STCD_SD SF PROC_STEP:3 SUCC_CNT:3 FAIL_CNT:0
2022-06-01T18:00:23+09:00 info: GC_IF_STCD_SD SF PROC_STEP:1 SUCC_CNT:1 FAIL_CNT:0
2022-06-01T18:00:23+09:00 info: GC_IF_STCD_SD SE PROC_STEP:4 SUCC_CNT:3 FAIL_CNT:1
2022-06-01T18:00:23+09:00 error: GC_IF_STCD_SD SE ERROR_CODE:ESS005 LS:4
2022-06-01T18:01:40+09:00 info: GC_IF_STCD_SD SF PROC_STEP:1 SUCC_CNT:1 FAIL_CNT:0
2022-06-01T18:01:40+09:00 info: GC_IF_STCD_SD SE PROC_STEP:4 SUCC_CNT:3 FAIL_CNT:1
2022-06-01T18:01:40+09:00 error: GC_IF_STCD_SD SE ERROR_CODE:ESS005 LS:4
2022-06-01T18:03:45+09:00 info: GC_IF_STCD_SD SF PROC_STEP:1 SUCC_CNT:1 FAIL_CNT:0
2022-06-01T18:03:45+09:00 info: GC_IF_STCD_SD CF PROC_STEP:9 SUCC_CNT:7 FAIL_CNT:0
2022-06-01T18:03:45+09:00 info: GC_IF_STCD_SD SE PROC_STEP:6 SUCC_CNT:5 FAIL_CNT:1
2022-06-01T18:03:45+09:00 error: GC_IF_STCD_SD SE ERROR_CODE:EAL001 LS:6
2022-06-01T18:03:55+09:00 info: GC_IF_STCD_SD SF PROC_STEP:3 SUCC_CNT:3 FAIL_CNT:0
2022-06-01T18:06:12+09:00 info: GC_IF_STCD_SD SF PROC_STEP:1 SUCC_CNT:1 FAIL_CNT:0
2022-06-01T18:06:12+09:00 info: GC_IF_STCD_SD CE PROC_STEP:2 SUCC_CNT:1 FAIL_CNT:1
2022-06-01T18:06:12+09:00 error: GC_IF_STCD_SD SE ERROR_CODE:EAD001 LS:2
2022-06-01T18:06:26+09:00 info: GC_IF_STCD_SD SF PROC_STEP:1 SUCC_CNT:1 FAIL_CNT:0
2022-06-01T18:06:26+09:00 info: GC_IF_STCD_SD SE PROC_STEP:4 SUCC_CNT:3 FAIL_CNT:1
2022-06-01T18:06:26+09:00 error: GC_IF_STCD_SD SE ERROR_CODE:ESS005 LS:4
2022-06-01T19:12:18+09:00 info: GC_IF_STCD_SD SE PROC_STEP:2 SUCC_CNT:1 FAIL_CNT:1
2022-06-01T19:12:18+09:00 error: GC_IF_STCD_SD SE ERROR_CODE:EAC001 LS:2
2022-06-01T19:12:27+09:00 info: GC_IF_STCD_SD SF PROC_STEP:3 SUCC_CNT:3 FAIL_CNT:0
2022-06-01T19:35:40+09:00 info: GC_IF_STCD_SD SF PROC_STEP:3 SUCC_CNT:3 FAIL_CNT:0
2022-06-01T20:04:01+09:00 info: GC_IF_STCD_SD SF PROC_STEP:3 SUCC_CNT:3 FAIL_CNT:0
