2022-05-30T12:58:47+09:00 info: GC_IF_STCD_SD SF PROC_STEP:3 SUCC_CNT:3 FAIL_CNT:0
2022-05-30T13:06:56+09:00 info: GC_IF_STCD_SD SF PROC_STEP:3 SUCC_CNT:3 FAIL_CNT:0
2022-05-30T13:10:48+09:00 info: GC_IF_STCD_SD SF PROC_STEP:3 SUCC_CNT:3 FAIL_CNT:0
2022-05-30T13:11:36+09:00 info: GC_IF_STCD_SD SF PROC_STEP:3 SUCC_CNT:3 FAIL_CNT:0
2022-05-30T13:11:59+09:00 info: GC_IF_STCD_SD SF PROC_STEP:3 SUCC_CNT:3 FAIL_CNT:0
2022-05-30T13:14:48+09:00 info: GC_IF_STCD_SD SF PROC_STEP:3 SUCC_CNT:3 FAIL_CNT:0
2022-05-30T13:15:28+09:00 info: GC_IF_STCD_SD SF PROC_STEP:3 SUCC_CNT:3 FAIL_CNT:0
2022-05-30T13:28:39+09:00 info: GC_IF_STCD_SD SF PROC_STEP:3 SUCC_CNT:3 FAIL_CNT:0
2022-05-30T13:29:27+09:00 info: GC_IF_STCD_SD SF PROC_STEP:3 SUCC_CNT:3 FAIL_CNT:0
2022-05-30T13:36:10+09:00 info: GC_IF_STCD_SD SF PROC_STEP:3 SUCC_CNT:3 FAIL_CNT:0
2022-05-30T13:37:12+09:00 info: GC_IF_STCD_SD SF PROC_STEP:3 SUCC_CNT:3 FAIL_CNT:0
2022-05-30T13:53:43+09:00 info: GC_IF_STCD_SD SF PROC_STEP:3 SUCC_CNT:3 FAIL_CNT:0
2022-05-30T13:56:02+09:00 info: GC_IF_STCD_SD SF PROC_STEP:3 SUCC_CNT:3 FAIL_CNT:0
2022-05-30T14:17:22+09:00 info: GC_IF_STCD_SD SF PROC_STEP:3 SUCC_CNT:3 FAIL_CNT:0
2022-05-30T17:35:03+09:00 info: GC_IF_STCD_SD SF PROC_STEP:3 SUCC_CNT:3 FAIL_CNT:0
2022-05-30T17:59:20+09:00 info: GC_IF_STCD_SD SF PROC_STEP:3 SUCC_CNT:3 FAIL_CNT:0
2022-05-30T18:00:51+09:00 info: GC_IF_STCD_SD SF PROC_STEP:3 SUCC_CNT:3 FAIL_CNT:0
2022-05-30T18:04:03+09:00 info: GC_IF_STCD_SD SF PROC_STEP:3 SUCC_CNT:3 FAIL_CNT:0
2022-05-30T18:10:59+09:00 info: GC_IF_STCD_SD SF PROC_STEP:3 SUCC_CNT:3 FAIL_CNT:0
2022-05-30T18:15:29+09:00 info: GC_IF_STCD_SD SF PROC_STEP:3 SUCC_CNT:3 FAIL_CNT:0
2022-05-30T18:15:42+09:00 info: GC_IF_STCD_SD SF PROC_STEP:3 SUCC_CNT:3 FAIL_CNT:0
2022-05-30T18:17:24+09:00 info: GC_IF_STCD_SD SF PROC_STEP:3 SUCC_CNT:3 FAIL_CNT:0
2022-05-30T18:18:03+09:00 info: GC_IF_STCD_SD SF PROC_STEP:3 SUCC_CNT:3 FAIL_CNT:0
2022-05-30T18:18:34+09:00 info: GC_IF_STCD_SD SF PROC_STEP:3 SUCC_CNT:3 FAIL_CNT:0
2022-05-30T18:20:40+09:00 info: GC_IF_STCD_SD SF PROC_STEP:3 SUCC_CNT:3 FAIL_CNT:0
2022-05-30T18:21:13+09:00 info: GC_IF_STCD_SD SF PROC_STEP:3 SUCC_CNT:3 FAIL_CNT:0
2022-05-30T18:22:11+09:00 info: GC_IF_STCD_SD SF PROC_STEP:3 SUCC_CNT:3 FAIL_CNT:0
2022-05-30T18:23:10+09:00 info: GC_IF_STCD_SD SF PROC_STEP:3 SUCC_CNT:3 FAIL_CNT:0
2022-05-30T18:24:12+09:00 info: GC_IF_STCD_SD SF PROC_STEP:3 SUCC_CNT:3 FAIL_CNT:0
2022-05-30T18:26:43+09:00 info: GC_IF_STCD_SD SF PROC_STEP:3 SUCC_CNT:3 FAIL_CNT:0
2022-05-30T18:30:08+09:00 info: GC_IF_STCD_SD SF PROC_STEP:3 SUCC_CNT:3 FAIL_CNT:0
2022-05-30T18:31:50+09:00 info: GC_IF_STCD_SD SF PROC_STEP:3 SUCC_CNT:3 FAIL_CNT:0
2022-05-30T18:35:15+09:00 info: GC_IF_STCD_SD SE PROC_STEP:2 SUCC_CNT:1 FAIL_CNT:1
2022-05-30T18:35:15+09:00 error: GC_IF_STCD_SD SE ERROR_CODE:EAC001 LS:2
2022-05-30T18:35:22+09:00 info: GC_IF_STCD_SD SF PROC_STEP:3 SUCC_CNT:3 FAIL_CNT:0
2022-05-30T18:35:57+09:00 info: GC_IF_STCD_SD SF PROC_STEP:3 SUCC_CNT:3 FAIL_CNT:0
2022-05-30T18:37:39+09:00 info: GC_IF_STCD_SD SF PROC_STEP:3 SUCC_CNT:3 FAIL_CNT:0
2022-05-30T18:38:51+09:00 info: GC_IF_STCD_SD SF PROC_STEP:3 SUCC_CNT:3 FAIL_CNT:0
2022-05-30T18:42:04+09:00 info: GC_IF_STCD_SD SF PROC_STEP:3 SUCC_CNT:3 FAIL_CNT:0
2022-05-30T18:46:15+09:00 info: GC_IF_STCD_SD SF PROC_STEP:3 SUCC_CNT:3 FAIL_CNT:0
2022-05-30T18:46:44+09:00 info: GC_IF_STCD_SD SF PROC_STEP:3 SUCC_CNT:3 FAIL_CNT:0
2022-05-30T18:48:25+09:00 info: GC_IF_STCD_SD SF PROC_STEP:3 SUCC_CNT:3 FAIL_CNT:0
2022-05-30T18:49:35+09:00 info: GC_IF_STCD_SD SF PROC_STEP:3 SUCC_CNT:3 FAIL_CNT:0
2022-05-30T18:50:24+09:00 info: GC_IF_STCD_SD SF PROC_STEP:3 SUCC_CNT:3 FAIL_CNT:0
2022-05-30T18:51:06+09:00 info: GC_IF_STCD_SD SF PROC_STEP:3 SUCC_CNT:3 FAIL_CNT:0
2022-05-30T20:12:57+09:00 info: GC_IF_STCD_SD SF PROC_STEP:3 SUCC_CNT:3 FAIL_CNT:0
2022-05-30T20:13:25+09:00 info: GC_IF_STCD_SD SF PROC_STEP:3 SUCC_CNT:3 FAIL_CNT:0
2022-05-30T20:14:52+09:00 info: GC_IF_STCD_SD SF PROC_STEP:3 SUCC_CNT:3 FAIL_CNT:0
2022-05-30T20:16:39+09:00 info: GC_IF_STCD_SD SF PROC_STEP:3 SUCC_CNT:3 FAIL_CNT:0
2022-05-30T20:34:46+09:00 info: GC_IF_STCD_SD SF PROC_STEP:1 SUCC_CNT:1 FAIL_CNT:0
2022-05-30T20:34:46+09:00 info: GC_IF_STCD_SD CF PROC_STEP:7 SUCC_CNT:7 FAIL_CNT:0
2022-05-30T20:34:46+09:00 info: GC_IF_STCD_SD SE PROC_STEP:6 SUCC_CNT:5 FAIL_CNT:1
2022-05-30T20:34:46+09:00 error: GC_IF_STCD_SD SE ERROR_CODE:EAL001 LS:6
2022-05-30T20:34:56+09:00 info: GC_IF_STCD_SD SF PROC_STEP:3 SUCC_CNT:3 FAIL_CNT:0
2022-05-30T20:35:37+09:00 info: GC_IF_STCD_SD SF PROC_STEP:1 SUCC_CNT:1 FAIL_CNT:0
2022-05-30T20:35:37+09:00 info: GC_IF_STCD_SD SF PROC_STEP:4 SUCC_CNT:4 FAIL_CNT:0
2022-05-30T20:35:46+09:00 info: GC_IF_STCD_SD SF PROC_STEP:3 SUCC_CNT:3 FAIL_CNT:0
2022-05-30T20:35:59+09:00 info: GC_IF_STCD_SD SF PROC_STEP:3 SUCC_CNT:3 FAIL_CNT:0
